Analysis & Synthesis report for i2c
Thu Aug 01 19:04:56 2024
Quartus Prime Version 18.0.0 Build 614 04/24/2018 SJ Lite Edition


---------------------
; Table of Contents ;
---------------------
  1. Legal Notice
  2. Analysis & Synthesis Summary
  3. Analysis & Synthesis Settings
  4. Parallel Compilation
  5. Analysis & Synthesis Source Files Read
  6. Analysis & Synthesis Resource Usage Summary
  7. Analysis & Synthesis Resource Utilization by Entity
  8. State Machine - |i2c|i2c_slave:u2|i2c_slave_controlpath:u2|present_state
  9. State Machine - |i2c|i2c_slave:u2|i2c_slave_datapath:u1|count_receive_reg
 10. State Machine - |i2c|i2c_master:u1|i2c_master_controlpath:u1|present_state
 11. Registers Removed During Synthesis
 12. General Register Statistics
 13. Inverted Register Statistics
 14. Multiplexer Restructuring Statistics (Restructuring Performed)
 15. Parameter Settings for User Entity Instance: i2c_master:u1|i2c_master_controlpath:u1
 16. Parameter Settings for User Entity Instance: i2c_master:u1|i2c_master_datapath:u2
 17. Parameter Settings for User Entity Instance: i2c_slave:u2
 18. Parameter Settings for User Entity Instance: i2c_slave:u2|i2c_slave_datapath:u1
 19. Parameter Settings for User Entity Instance: i2c_slave:u2|i2c_slave_controlpath:u2
 20. Post-Synthesis Netlist Statistics for Top Partition
 21. Elapsed Time Per Partition
 22. Analysis & Synthesis Messages



----------------
; Legal Notice ;
----------------
Copyright (C) 2018  Intel Corporation. All rights reserved.
Your use of Intel Corporation's design tools, logic functions 
and other software and tools, and its AMPP partner logic 
functions, and any output files from any of the foregoing 
(including device programming or simulation files), and any 
associated documentation or information are expressly subject 
to the terms and conditions of the Intel Program License 
Subscription Agreement, the Intel Quartus Prime License Agreement,
the Intel FPGA IP License Agreement, or other applicable license
agreement, including, without limitation, that your use is for
the sole purpose of programming logic devices manufactured by
Intel and sold by Intel or its authorized distributors.  Please
refer to the applicable agreement for further details.



+-------------------------------------------------------------------------------+
; Analysis & Synthesis Summary                                                  ;
+---------------------------------+---------------------------------------------+
; Analysis & Synthesis Status     ; Successful - Thu Aug 01 19:04:56 2024       ;
; Quartus Prime Version           ; 18.0.0 Build 614 04/24/2018 SJ Lite Edition ;
; Revision Name                   ; i2c                                         ;
; Top-level Entity Name           ; i2c                                         ;
; Family                          ; Cyclone V                                   ;
; Logic utilization (in ALMs)     ; N/A                                         ;
; Total registers                 ; 93                                          ;
; Total pins                      ; 50                                          ;
; Total virtual pins              ; 0                                           ;
; Total block memory bits         ; 0                                           ;
; Total DSP Blocks                ; 0                                           ;
; Total HSSI RX PCSs              ; 0                                           ;
; Total HSSI PMA RX Deserializers ; 0                                           ;
; Total HSSI TX PCSs              ; 0                                           ;
; Total HSSI PMA TX Serializers   ; 0                                           ;
; Total PLLs                      ; 0                                           ;
; Total DLLs                      ; 0                                           ;
+---------------------------------+---------------------------------------------+


+---------------------------------------------------------------------------------------------------------------------------+
; Analysis & Synthesis Settings                                                                                             ;
+---------------------------------------------------------------------------------+--------------------+--------------------+
; Option                                                                          ; Setting            ; Default Value      ;
+---------------------------------------------------------------------------------+--------------------+--------------------+
; Device                                                                          ; 5CGXFC7C7F23C8     ;                    ;
; Top-level entity name                                                           ; i2c                ; i2c                ;
; Family name                                                                     ; Cyclone V          ; Cyclone V          ;
; Use smart compilation                                                           ; Off                ; Off                ;
; Enable parallel Assembler and Timing Analyzer during compilation                ; On                 ; On                 ;
; Enable compact report table                                                     ; Off                ; Off                ;
; Restructure Multiplexers                                                        ; Auto               ; Auto               ;
; MLAB Add Timing Constraints For Mixed-Port Feed-Through Mode Setting Don't Care ; Off                ; Off                ;
; Create Debugging Nodes for IP Cores                                             ; Off                ; Off                ;
; Preserve fewer node names                                                       ; On                 ; On                 ;
; Intel FPGA IP Evaluation Mode                                                   ; Enable             ; Enable             ;
; Verilog Version                                                                 ; Verilog_2001       ; Verilog_2001       ;
; VHDL Version                                                                    ; VHDL_1993          ; VHDL_1993          ;
; State Machine Processing                                                        ; Auto               ; Auto               ;
; Safe State Machine                                                              ; Off                ; Off                ;
; Extract Verilog State Machines                                                  ; On                 ; On                 ;
; Extract VHDL State Machines                                                     ; On                 ; On                 ;
; Ignore Verilog initial constructs                                               ; Off                ; Off                ;
; Iteration limit for constant Verilog loops                                      ; 5000               ; 5000               ;
; Iteration limit for non-constant Verilog loops                                  ; 250                ; 250                ;
; Add Pass-Through Logic to Inferred RAMs                                         ; On                 ; On                 ;
; Infer RAMs from Raw Logic                                                       ; On                 ; On                 ;
; Parallel Synthesis                                                              ; On                 ; On                 ;
; DSP Block Balancing                                                             ; Auto               ; Auto               ;
; NOT Gate Push-Back                                                              ; On                 ; On                 ;
; Power-Up Don't Care                                                             ; On                 ; On                 ;
; Remove Redundant Logic Cells                                                    ; Off                ; Off                ;
; Remove Duplicate Registers                                                      ; On                 ; On                 ;
; Ignore CARRY Buffers                                                            ; Off                ; Off                ;
; Ignore CASCADE Buffers                                                          ; Off                ; Off                ;
; Ignore GLOBAL Buffers                                                           ; Off                ; Off                ;
; Ignore ROW GLOBAL Buffers                                                       ; Off                ; Off                ;
; Ignore LCELL Buffers                                                            ; Off                ; Off                ;
; Ignore SOFT Buffers                                                             ; On                 ; On                 ;
; Limit AHDL Integers to 32 Bits                                                  ; Off                ; Off                ;
; Optimization Technique                                                          ; Balanced           ; Balanced           ;
; Carry Chain Length                                                              ; 70                 ; 70                 ;
; Auto Carry Chains                                                               ; On                 ; On                 ;
; Auto Open-Drain Pins                                                            ; On                 ; On                 ;
; Perform WYSIWYG Primitive Resynthesis                                           ; Off                ; Off                ;
; Auto ROM Replacement                                                            ; On                 ; On                 ;
; Auto RAM Replacement                                                            ; On                 ; On                 ;
; Auto DSP Block Replacement                                                      ; On                 ; On                 ;
; Auto Shift Register Replacement                                                 ; Auto               ; Auto               ;
; Allow Shift Register Merging across Hierarchies                                 ; Auto               ; Auto               ;
; Auto Clock Enable Replacement                                                   ; On                 ; On                 ;
; Strict RAM Replacement                                                          ; Off                ; Off                ;
; Allow Synchronous Control Signals                                               ; On                 ; On                 ;
; Force Use of Synchronous Clear Signals                                          ; Off                ; Off                ;
; Auto Resource Sharing                                                           ; Off                ; Off                ;
; Allow Any RAM Size For Recognition                                              ; Off                ; Off                ;
; Allow Any ROM Size For Recognition                                              ; Off                ; Off                ;
; Allow Any Shift Register Size For Recognition                                   ; Off                ; Off                ;
; Use LogicLock Constraints during Resource Balancing                             ; On                 ; On                 ;
; Ignore translate_off and synthesis_off directives                               ; Off                ; Off                ;
; Timing-Driven Synthesis                                                         ; On                 ; On                 ;
; Report Parameter Settings                                                       ; On                 ; On                 ;
; Report Source Assignments                                                       ; On                 ; On                 ;
; Report Connectivity Checks                                                      ; On                 ; On                 ;
; Ignore Maximum Fan-Out Assignments                                              ; Off                ; Off                ;
; Synchronization Register Chain Length                                           ; 3                  ; 3                  ;
; Power Optimization During Synthesis                                             ; Normal compilation ; Normal compilation ;
; HDL message level                                                               ; Level2             ; Level2             ;
; Suppress Register Optimization Related Messages                                 ; Off                ; Off                ;
; Number of Removed Registers Reported in Synthesis Report                        ; 5000               ; 5000               ;
; Number of Swept Nodes Reported in Synthesis Report                              ; 5000               ; 5000               ;
; Number of Inverted Registers Reported in Synthesis Report                       ; 100                ; 100                ;
; Clock MUX Protection                                                            ; On                 ; On                 ;
; Auto Gated Clock Conversion                                                     ; Off                ; Off                ;
; Block Design Naming                                                             ; Auto               ; Auto               ;
; SDC constraint protection                                                       ; Off                ; Off                ;
; Synthesis Effort                                                                ; Auto               ; Auto               ;
; Shift Register Replacement - Allow Asynchronous Clear Signal                    ; On                 ; On                 ;
; Pre-Mapping Resynthesis Optimization                                            ; Off                ; Off                ;
; Analysis & Synthesis Message Level                                              ; Medium             ; Medium             ;
; Disable Register Merging Across Hierarchies                                     ; Auto               ; Auto               ;
; Resource Aware Inference For Block RAM                                          ; On                 ; On                 ;
; Automatic Parallel Synthesis                                                    ; On                 ; On                 ;
; Partial Reconfiguration Bitstream ID                                            ; Off                ; Off                ;
+---------------------------------------------------------------------------------+--------------------+--------------------+


+------------------------------------------+
; Parallel Compilation                     ;
+----------------------------+-------------+
; Processors                 ; Number      ;
+----------------------------+-------------+
; Number detected on machine ; 4           ;
; Maximum allowed            ; 2           ;
;                            ;             ;
; Average used               ; 1.00        ;
; Maximum used               ; 2           ;
;                            ;             ;
; Usage by Processor         ; % Time Used ;
;     Processor 1            ; 100.0%      ;
;     Processor 2            ;   0.0%      ;
+----------------------------+-------------+


+-------------------------------------------------------------------------------------------------------------------------------------------------------------------------------------+
; Analysis & Synthesis Source Files Read                                                                                                                                              ;
+-------------------------------------+-----------------+------------------------+------------------------------------------------------------------------------------------+---------+
; File Name with User-Entered Path    ; Used in Netlist ; File Type              ; File Name with Absolute Path                                                             ; Library ;
+-------------------------------------+-----------------+------------------------+------------------------------------------------------------------------------------------+---------+
; i2c_slave/i2c_slave_datapath.v      ; yes             ; User Verilog HDL File  ; G:/pratik/Pratik IMP documents/COEP/College/VLSI/i2c/i2c_slave/i2c_slave_datapath.v      ;         ;
; i2c_slave/i2c_slave_controlpath.v   ; yes             ; User Verilog HDL File  ; G:/pratik/Pratik IMP documents/COEP/College/VLSI/i2c/i2c_slave/i2c_slave_controlpath.v   ;         ;
; i2c_slave/i2c_slave.v               ; yes             ; User Verilog HDL File  ; G:/pratik/Pratik IMP documents/COEP/College/VLSI/i2c/i2c_slave/i2c_slave.v               ;         ;
; i2c_master/i2c_master_datapath.v    ; yes             ; User Verilog HDL File  ; G:/pratik/Pratik IMP documents/COEP/College/VLSI/i2c/i2c_master/i2c_master_datapath.v    ;         ;
; i2c_master/i2c_master_controlpath.v ; yes             ; User Verilog HDL File  ; G:/pratik/Pratik IMP documents/COEP/College/VLSI/i2c/i2c_master/i2c_master_controlpath.v ;         ;
; i2c_master/i2c_master.v             ; yes             ; User Verilog HDL File  ; G:/pratik/Pratik IMP documents/COEP/College/VLSI/i2c/i2c_master/i2c_master.v             ;         ;
; i2c.v                               ; yes             ; User Verilog HDL File  ; G:/pratik/Pratik IMP documents/COEP/College/VLSI/i2c/i2c.v                               ;         ;
+-------------------------------------+-----------------+------------------------+------------------------------------------------------------------------------------------+---------+


+---------------------------------------------------------+
; Analysis & Synthesis Resource Usage Summary             ;
+---------------------------------------------+-----------+
; Resource                                    ; Usage     ;
+---------------------------------------------+-----------+
; Estimate of Logic utilization (ALMs needed) ; 82        ;
;                                             ;           ;
; Combinational ALUT usage for logic          ; 128       ;
;     -- 7 input functions                    ; 6         ;
;     -- 6 input functions                    ; 28        ;
;     -- 5 input functions                    ; 26        ;
;     -- 4 input functions                    ; 37        ;
;     -- <=3 input functions                  ; 31        ;
;                                             ;           ;
; Dedicated logic registers                   ; 93        ;
;                                             ;           ;
; I/O pins                                    ; 50        ;
;                                             ;           ;
; Total DSP Blocks                            ; 0         ;
;                                             ;           ;
; Maximum fan-out node                        ; rst~input ;
; Maximum fan-out                             ; 92        ;
; Total fan-out                               ; 988       ;
; Average fan-out                             ; 3.07      ;
+---------------------------------------------+-----------+


+-----------------------------------------------------------------------------------------------------------------------------------------------------------------------------------------------------------------------------------+
; Analysis & Synthesis Resource Utilization by Entity                                                                                                                                                                               ;
+-----------------------------------+---------------------+---------------------------+-------------------+------------+------+--------------+----------------------------------------------+------------------------+--------------+
; Compilation Hierarchy Node        ; Combinational ALUTs ; Dedicated Logic Registers ; Block Memory Bits ; DSP Blocks ; Pins ; Virtual Pins ; Full Hierarchy Name                          ; Entity Name            ; Library Name ;
+-----------------------------------+---------------------+---------------------------+-------------------+------------+------+--------------+----------------------------------------------+------------------------+--------------+
; |i2c                              ; 128 (0)             ; 93 (0)                    ; 0                 ; 0          ; 50   ; 0            ; |i2c                                         ; i2c                    ; work         ;
;    |i2c_master:u1|                ; 70 (4)              ; 45 (2)                    ; 0                 ; 0          ; 0    ; 0            ; |i2c|i2c_master:u1                           ; i2c_master             ; work         ;
;       |i2c_master_controlpath:u1| ; 16 (16)             ; 9 (9)                     ; 0                 ; 0          ; 0    ; 0            ; |i2c|i2c_master:u1|i2c_master_controlpath:u1 ; i2c_master_controlpath ; work         ;
;       |i2c_master_datapath:u2|    ; 50 (50)             ; 34 (34)                   ; 0                 ; 0          ; 0    ; 0            ; |i2c|i2c_master:u1|i2c_master_datapath:u2    ; i2c_master_datapath    ; work         ;
;    |i2c_slave:u2|                 ; 58 (1)              ; 48 (1)                    ; 0                 ; 0          ; 0    ; 0            ; |i2c|i2c_slave:u2                            ; i2c_slave              ; work         ;
;       |i2c_slave_controlpath:u2|  ; 13 (13)             ; 8 (8)                     ; 0                 ; 0          ; 0    ; 0            ; |i2c|i2c_slave:u2|i2c_slave_controlpath:u2   ; i2c_slave_controlpath  ; work         ;
;       |i2c_slave_datapath:u1|     ; 44 (44)             ; 39 (39)                   ; 0                 ; 0          ; 0    ; 0            ; |i2c|i2c_slave:u2|i2c_slave_datapath:u1      ; i2c_slave_datapath     ; work         ;
+-----------------------------------+---------------------+---------------------------+-------------------+------------+------+--------------+----------------------------------------------+------------------------+--------------+
Note: For table entries with two numbers listed, the numbers in parentheses indicate the number of resources of the given type used by the specific entity alone. The numbers listed outside of parentheses indicate the total resources of the given type used by the specific entity and all of its sub-entities in the hierarchy.


Encoding Type:  One-Hot
+---------------------------------------------------------------------------------------------------------------------------------------------------------------------------------------------------+
; State Machine - |i2c|i2c_slave:u2|i2c_slave_controlpath:u2|present_state                                                                                                                          ;
+----------------------------+----------------------------+--------------------+--------------------+-----------------------+----------------------------+---------------------+--------------------+
; Name                       ; present_state.acknowledge2 ; present_state.data ; present_state.stop ; present_state.address ; present_state.acknowledge1 ; present_state.start ; present_state.idle ;
+----------------------------+----------------------------+--------------------+--------------------+-----------------------+----------------------------+---------------------+--------------------+
; present_state.idle         ; 0                          ; 0                  ; 0                  ; 0                     ; 0                          ; 0                   ; 0                  ;
; present_state.start        ; 0                          ; 0                  ; 0                  ; 0                     ; 0                          ; 1                   ; 1                  ;
; present_state.acknowledge1 ; 0                          ; 0                  ; 0                  ; 0                     ; 1                          ; 0                   ; 1                  ;
; present_state.address      ; 0                          ; 0                  ; 0                  ; 1                     ; 0                          ; 0                   ; 1                  ;
; present_state.stop         ; 0                          ; 0                  ; 1                  ; 0                     ; 0                          ; 0                   ; 1                  ;
; present_state.data         ; 0                          ; 1                  ; 0                  ; 0                     ; 0                          ; 0                   ; 1                  ;
; present_state.acknowledge2 ; 1                          ; 0                  ; 0                  ; 0                     ; 0                          ; 0                   ; 1                  ;
+----------------------------+----------------------------+--------------------+--------------------+-----------------------+----------------------------+---------------------+--------------------+


Encoding Type:  One-Hot
+-----------------------------------------------------------------------------------------------------------------------------------------------------------------------------------------------------------------------+
; State Machine - |i2c|i2c_slave:u2|i2c_slave_datapath:u1|count_receive_reg                                                                                                                                             ;
+-----------------------+-----------------------+-----------------------+-----------------------+-----------------------+-----------------------+-----------------------+-----------------------+-----------------------+
; Name                  ; count_receive_reg.111 ; count_receive_reg.110 ; count_receive_reg.101 ; count_receive_reg.100 ; count_receive_reg.011 ; count_receive_reg.010 ; count_receive_reg.001 ; count_receive_reg.000 ;
+-----------------------+-----------------------+-----------------------+-----------------------+-----------------------+-----------------------+-----------------------+-----------------------+-----------------------+
; count_receive_reg.000 ; 0                     ; 0                     ; 0                     ; 0                     ; 0                     ; 0                     ; 0                     ; 0                     ;
; count_receive_reg.001 ; 0                     ; 0                     ; 0                     ; 0                     ; 0                     ; 0                     ; 1                     ; 1                     ;
; count_receive_reg.010 ; 0                     ; 0                     ; 0                     ; 0                     ; 0                     ; 1                     ; 0                     ; 1                     ;
; count_receive_reg.011 ; 0                     ; 0                     ; 0                     ; 0                     ; 1                     ; 0                     ; 0                     ; 1                     ;
; count_receive_reg.100 ; 0                     ; 0                     ; 0                     ; 1                     ; 0                     ; 0                     ; 0                     ; 1                     ;
; count_receive_reg.101 ; 0                     ; 0                     ; 1                     ; 0                     ; 0                     ; 0                     ; 0                     ; 1                     ;
; count_receive_reg.110 ; 0                     ; 1                     ; 0                     ; 0                     ; 0                     ; 0                     ; 0                     ; 1                     ;
; count_receive_reg.111 ; 1                     ; 0                     ; 0                     ; 0                     ; 0                     ; 0                     ; 0                     ; 1                     ;
+-----------------------+-----------------------+-----------------------+-----------------------+-----------------------+-----------------------+-----------------------+-----------------------+-----------------------+


Encoding Type:  One-Hot
+---------------------------------------------------------------------------------------------------------------------------------------------------------------------------------------------------+
; State Machine - |i2c|i2c_master:u1|i2c_master_controlpath:u1|present_state                                                                                                                        ;
+----------------------------+----------------------------+--------------------+--------------------+-----------------------+----------------------------+---------------------+--------------------+
; Name                       ; present_state.acknowledge2 ; present_state.data ; present_state.stop ; present_state.address ; present_state.acknowledge1 ; present_state.start ; present_state.idle ;
+----------------------------+----------------------------+--------------------+--------------------+-----------------------+----------------------------+---------------------+--------------------+
; present_state.idle         ; 0                          ; 0                  ; 0                  ; 0                     ; 0                          ; 0                   ; 0                  ;
; present_state.start        ; 0                          ; 0                  ; 0                  ; 0                     ; 0                          ; 1                   ; 1                  ;
; present_state.acknowledge1 ; 0                          ; 0                  ; 0                  ; 0                     ; 1                          ; 0                   ; 1                  ;
; present_state.address      ; 0                          ; 0                  ; 0                  ; 1                     ; 0                          ; 0                   ; 1                  ;
; present_state.stop         ; 0                          ; 0                  ; 1                  ; 0                     ; 0                          ; 0                   ; 1                  ;
; present_state.data         ; 0                          ; 1                  ; 0                  ; 0                     ; 0                          ; 0                   ; 1                  ;
; present_state.acknowledge2 ; 1                          ; 0                  ; 0                  ; 0                     ; 0                          ; 0                   ; 1                  ;
+----------------------------+----------------------------+--------------------+--------------------+-----------------------+----------------------------+---------------------+--------------------+


+----------------------------------------------------------------------------------------------------+
; Registers Removed During Synthesis                                                                 ;
+-----------------------------------------------------------+----------------------------------------+
; Register name                                             ; Reason for Removal                     ;
+-----------------------------------------------------------+----------------------------------------+
; i2c_slave:u2|i2c_slave_controlpath:u2|present_state~4     ; Lost fanout                            ;
; i2c_slave:u2|i2c_slave_controlpath:u2|present_state~5     ; Lost fanout                            ;
; i2c_slave:u2|i2c_slave_controlpath:u2|present_state~6     ; Lost fanout                            ;
; i2c_slave:u2|i2c_slave_datapath:u1|count_receive_reg~5    ; Lost fanout                            ;
; i2c_slave:u2|i2c_slave_datapath:u1|count_receive_reg~6    ; Lost fanout                            ;
; i2c_slave:u2|i2c_slave_datapath:u1|count_receive_reg~7    ; Lost fanout                            ;
; i2c_master:u1|i2c_master_controlpath:u1|present_state~4   ; Lost fanout                            ;
; i2c_master:u1|i2c_master_controlpath:u1|present_state~5   ; Lost fanout                            ;
; i2c_master:u1|i2c_master_controlpath:u1|present_state~6   ; Lost fanout                            ;
; i2c_slave:u2|i2c_slave_controlpath:u2|present_state.start ; Stuck at GND due to stuck port data_in ;
; Total Number of Removed Registers = 10                    ;                                        ;
+-----------------------------------------------------------+----------------------------------------+


+------------------------------------------------------+
; General Register Statistics                          ;
+----------------------------------------------+-------+
; Statistic                                    ; Value ;
+----------------------------------------------+-------+
; Total registers                              ; 93    ;
; Number of registers using Synchronous Clear  ; 20    ;
; Number of registers using Synchronous Load   ; 0     ;
; Number of registers using Asynchronous Clear ; 93    ;
; Number of registers using Asynchronous Load  ; 0     ;
; Number of registers using Clock Enable       ; 46    ;
; Number of registers using Preset             ; 0     ;
+----------------------------------------------+-------+


+------------------------------------------------------------+
; Inverted Register Statistics                               ;
+--------------------------------------------------+---------+
; Inverted Register                                ; Fan out ;
+--------------------------------------------------+---------+
; i2c_master:u1|scl                                ; 2       ;
; i2c_slave:u2|i2c_slave_controlpath:u2|rw_reg     ; 2       ;
; i2c_master:u1|i2c_master_datapath:u2|sda_out_reg ; 6       ;
; Total number of inverted registers = 3           ;         ;
+--------------------------------------------------+---------+


+------------------------------------------------------------------------------------------------------------------------------------------------------------------------------+
; Multiplexer Restructuring Statistics (Restructuring Performed)                                                                                                               ;
+--------------------+-----------+---------------+----------------------+------------------------+------------+----------------------------------------------------------------+
; Multiplexer Inputs ; Bus Width ; Baseline Area ; Area if Restructured ; Saving if Restructured ; Registered ; Example Multiplexer Output                                     ;
+--------------------+-----------+---------------+----------------------+------------------------+------------+----------------------------------------------------------------+
; 16:1               ; 2 bits    ; 20 LEs        ; 8 LEs                ; 12 LEs                 ; Yes        ; |i2c|i2c_slave:u2|i2c_slave_datapath:u1|count_reg[1]           ;
; 16:1               ; 2 bits    ; 20 LEs        ; 8 LEs                ; 12 LEs                 ; Yes        ; |i2c|i2c_master:u1|i2c_master_datapath:u2|count_reg[2]         ;
; 13:1               ; 2 bits    ; 16 LEs        ; 10 LEs               ; 6 LEs                  ; Yes        ; |i2c|i2c_master:u1|i2c_master_datapath:u2|count_receive_reg[2] ;
; 9:1                ; 8 bits    ; 48 LEs        ; 24 LEs               ; 24 LEs                 ; No         ; |i2c|i2c_slave:u2|i2c_slave_datapath:u1|Mux4                   ;
+--------------------+-----------+---------------+----------------------+------------------------+------------+----------------------------------------------------------------+


+--------------------------------------------------------------------------------------+
; Parameter Settings for User Entity Instance: i2c_master:u1|i2c_master_controlpath:u1 ;
+----------------+-------+-------------------------------------------------------------+
; Parameter Name ; Value ; Type                                                        ;
+----------------+-------+-------------------------------------------------------------+
; idle           ; 000   ; Unsigned Binary                                             ;
; start          ; 001   ; Unsigned Binary                                             ;
; address        ; 011   ; Unsigned Binary                                             ;
; acknowledge1   ; 010   ; Unsigned Binary                                             ;
; data           ; 110   ; Unsigned Binary                                             ;
; acknowledge2   ; 111   ; Unsigned Binary                                             ;
; stop           ; 101   ; Unsigned Binary                                             ;
+----------------+-------+-------------------------------------------------------------+
Note: In order to hide this table in the UI and the text report file, please set the "Show Parameter Settings in Synthesis Report" option in "Analysis and Synthesis Settings -> More Settings" to "Off".


+-----------------------------------------------------------------------------------+
; Parameter Settings for User Entity Instance: i2c_master:u1|i2c_master_datapath:u2 ;
+----------------+-------+----------------------------------------------------------+
; Parameter Name ; Value ; Type                                                     ;
+----------------+-------+----------------------------------------------------------+
; idle           ; 000   ; Unsigned Binary                                          ;
; start          ; 001   ; Unsigned Binary                                          ;
; address        ; 011   ; Unsigned Binary                                          ;
; acknowledge1   ; 010   ; Unsigned Binary                                          ;
; data           ; 110   ; Unsigned Binary                                          ;
; acknowledge2   ; 111   ; Unsigned Binary                                          ;
; stop           ; 101   ; Unsigned Binary                                          ;
+----------------+-------+----------------------------------------------------------+
Note: In order to hide this table in the UI and the text report file, please set the "Show Parameter Settings in Synthesis Report" option in "Analysis and Synthesis Settings -> More Settings" to "Off".


+-----------------------------------------------------------+
; Parameter Settings for User Entity Instance: i2c_slave:u2 ;
+----------------+---------+--------------------------------+
; Parameter Name ; Value   ; Type                           ;
+----------------+---------+--------------------------------+
; address_slave  ; 1001011 ; Unsigned Binary                ;
+----------------+---------+--------------------------------+
Note: In order to hide this table in the UI and the text report file, please set the "Show Parameter Settings in Synthesis Report" option in "Analysis and Synthesis Settings -> More Settings" to "Off".


+---------------------------------------------------------------------------------+
; Parameter Settings for User Entity Instance: i2c_slave:u2|i2c_slave_datapath:u1 ;
+----------------+---------+------------------------------------------------------+
; Parameter Name ; Value   ; Type                                                 ;
+----------------+---------+------------------------------------------------------+
; idle           ; 000     ; Unsigned Binary                                      ;
; start          ; 001     ; Unsigned Binary                                      ;
; address        ; 011     ; Unsigned Binary                                      ;
; acknowledge1   ; 010     ; Unsigned Binary                                      ;
; data           ; 110     ; Unsigned Binary                                      ;
; acknowledge2   ; 111     ; Unsigned Binary                                      ;
; stop           ; 101     ; Unsigned Binary                                      ;
; address_slave  ; 1001011 ; Unsigned Binary                                      ;
+----------------+---------+------------------------------------------------------+
Note: In order to hide this table in the UI and the text report file, please set the "Show Parameter Settings in Synthesis Report" option in "Analysis and Synthesis Settings -> More Settings" to "Off".


+------------------------------------------------------------------------------------+
; Parameter Settings for User Entity Instance: i2c_slave:u2|i2c_slave_controlpath:u2 ;
+----------------+-------+-----------------------------------------------------------+
; Parameter Name ; Value ; Type                                                      ;
+----------------+-------+-----------------------------------------------------------+
; idle           ; 000   ; Unsigned Binary                                           ;
; start          ; 001   ; Unsigned Binary                                           ;
; address        ; 011   ; Unsigned Binary                                           ;
; acknowledge1   ; 010   ; Unsigned Binary                                           ;
; data           ; 110   ; Unsigned Binary                                           ;
; acknowledge2   ; 111   ; Unsigned Binary                                           ;
; stop           ; 101   ; Unsigned Binary                                           ;
+----------------+-------+-----------------------------------------------------------+
Note: In order to hide this table in the UI and the text report file, please set the "Show Parameter Settings in Synthesis Report" option in "Analysis and Synthesis Settings -> More Settings" to "Off".


+-----------------------------------------------------+
; Post-Synthesis Netlist Statistics for Top Partition ;
+-----------------------+-----------------------------+
; Type                  ; Count                       ;
+-----------------------+-----------------------------+
; arriav_ff             ; 93                          ;
;     CLR               ; 37                          ;
;     CLR SCLR          ; 10                          ;
;     ENA CLR           ; 36                          ;
;     ENA CLR SCLR      ; 10                          ;
; arriav_io_obuf        ; 1                           ;
; arriav_lcell_comb     ; 129                         ;
;     extend            ; 6                           ;
;         7 data inputs ; 6                           ;
;     normal            ; 123                         ;
;         1 data inputs ; 4                           ;
;         2 data inputs ; 6                           ;
;         3 data inputs ; 22                          ;
;         4 data inputs ; 37                          ;
;         5 data inputs ; 26                          ;
;         6 data inputs ; 28                          ;
; boundary_port         ; 50                          ;
;                       ;                             ;
; Max LUT depth         ; 4.00                        ;
; Average LUT depth     ; 1.89                        ;
+-----------------------+-----------------------------+


+-------------------------------+
; Elapsed Time Per Partition    ;
+----------------+--------------+
; Partition Name ; Elapsed Time ;
+----------------+--------------+
; Top            ; 00:00:02     ;
+----------------+--------------+


+-------------------------------+
; Analysis & Synthesis Messages ;
+-------------------------------+
Info: *******************************************************************
Info: Running Quartus Prime Analysis & Synthesis
    Info: Version 18.0.0 Build 614 04/24/2018 SJ Lite Edition
    Info: Processing started: Thu Aug 01 19:04:23 2024
Info: Command: quartus_map --read_settings_files=on --write_settings_files=off i2c -c i2c
Warning (18236): Number of processors has not been specified which may cause overloading on shared machines.  Set the global assignment NUM_PARALLEL_PROCESSORS in your QSF to an appropriate value for best performance.
Info (20030): Parallel compilation is enabled and will use 2 of the 2 processors detected
Info (12021): Found 1 design units, including 1 entities, in source file i2c_slave/i2c_slave_datapath.v
    Info (12023): Found entity 1: i2c_slave_datapath File: G:/pratik/Pratik IMP documents/COEP/College/VLSI/i2c/i2c_slave/i2c_slave_datapath.v Line: 1
Info (12021): Found 1 design units, including 1 entities, in source file i2c_slave/i2c_slave_controlpath.v
    Info (12023): Found entity 1: i2c_slave_controlpath File: G:/pratik/Pratik IMP documents/COEP/College/VLSI/i2c/i2c_slave/i2c_slave_controlpath.v Line: 1
Info (12021): Found 1 design units, including 1 entities, in source file i2c_slave/i2c_slave.v
    Info (12023): Found entity 1: i2c_slave File: G:/pratik/Pratik IMP documents/COEP/College/VLSI/i2c/i2c_slave/i2c_slave.v Line: 1
Info (12021): Found 1 design units, including 1 entities, in source file i2c_master/i2c_master_datapath.v
    Info (12023): Found entity 1: i2c_master_datapath File: G:/pratik/Pratik IMP documents/COEP/College/VLSI/i2c/i2c_master/i2c_master_datapath.v Line: 1
Info (12021): Found 1 design units, including 1 entities, in source file i2c_master/i2c_master_controlpath.v
    Info (12023): Found entity 1: i2c_master_controlpath File: G:/pratik/Pratik IMP documents/COEP/College/VLSI/i2c/i2c_master/i2c_master_controlpath.v Line: 1
Info (12021): Found 1 design units, including 1 entities, in source file i2c_master/i2c_master.v
    Info (12023): Found entity 1: i2c_master File: G:/pratik/Pratik IMP documents/COEP/College/VLSI/i2c/i2c_master/i2c_master.v Line: 1
Info (12021): Found 1 design units, including 1 entities, in source file i2c.v
    Info (12023): Found entity 1: i2c File: G:/pratik/Pratik IMP documents/COEP/College/VLSI/i2c/i2c.v Line: 1
Info (12021): Found 1 design units, including 1 entities, in source file tb.v
    Info (12023): Found entity 1: tb File: G:/pratik/Pratik IMP documents/COEP/College/VLSI/i2c/tb.v Line: 1
Info (12127): Elaborating entity "i2c" for the top level hierarchy
Info (12128): Elaborating entity "i2c_master" for hierarchy "i2c_master:u1" File: G:/pratik/Pratik IMP documents/COEP/College/VLSI/i2c/i2c.v Line: 32
Info (12128): Elaborating entity "i2c_master_controlpath" for hierarchy "i2c_master:u1|i2c_master_controlpath:u1" File: G:/pratik/Pratik IMP documents/COEP/College/VLSI/i2c/i2c_master/i2c_master.v Line: 62
Info (12128): Elaborating entity "i2c_master_datapath" for hierarchy "i2c_master:u1|i2c_master_datapath:u2" File: G:/pratik/Pratik IMP documents/COEP/College/VLSI/i2c/i2c_master/i2c_master.v Line: 81
Info (12128): Elaborating entity "i2c_slave" for hierarchy "i2c_slave:u2" File: G:/pratik/Pratik IMP documents/COEP/College/VLSI/i2c/i2c.v Line: 44
Info (12128): Elaborating entity "i2c_slave_datapath" for hierarchy "i2c_slave:u2|i2c_slave_datapath:u1" File: G:/pratik/Pratik IMP documents/COEP/College/VLSI/i2c/i2c_slave/i2c_slave.v Line: 49
Info (12128): Elaborating entity "i2c_slave_controlpath" for hierarchy "i2c_slave:u2|i2c_slave_controlpath:u2" File: G:/pratik/Pratik IMP documents/COEP/College/VLSI/i2c/i2c_slave/i2c_slave.v Line: 62
Info (286030): Timing-Driven Synthesis is running
Info (17049): 9 registers lost all their fanouts during netlist optimizations.
Info (16010): Generating hard_block partition "hard_block:auto_generated_inst"
    Info (16011): Adding 0 node(s), including 0 DDIO, 0 PLL, 0 transceiver and 0 LCELL
Info (21057): Implemented 195 device resources after synthesis - the final resource count might be different
    Info (21058): Implemented 28 input pins
    Info (21059): Implemented 21 output pins
    Info (21060): Implemented 1 bidirectional pins
    Info (21061): Implemented 145 logic cells
Info: Quartus Prime Analysis & Synthesis was successful. 0 errors, 1 warning
    Info: Peak virtual memory: 4815 megabytes
    Info: Processing ended: Thu Aug 01 19:04:56 2024
    Info: Elapsed time: 00:00:33
    Info: Total CPU time (on all processors): 00:00:45


